app/build/intermediates/manifest_merge_blame_file/debug/manifest-merger-blame-debug-report.txt
1<?xml version="1.0" encoding="utf-8"?>
2<manifest xmlns:android="http://schemas.android.com/apk/res/android"
3    package="com.cjack.ai"
4    android:versionCode="1"
5    android:versionName="1.0" >
6
7    <uses-sdk
8        android:minSdkVersion="24"
9        android:targetSdkVersion="34" />
10
11    <!-- Bluetooth Permissions -->
12    <uses-permission android:name="android.permission.BLUETOOTH" />
12-->src\main\AndroidManifest.xml:6:5-68
12-->src\main\AndroidManifest.xml:6:22-65
13    <uses-permission android:name="android.permission.BLUETOOTH_ADMIN" />
13-->src\main\AndroidManifest.xml:7:5-74
13-->src\main\AndroidManifest.xml:7:22-71
14    <uses-permission android:name="android.permission.BLUETOOTH_CONNECT" />
14-->src\main\AndroidManifest.xml:8:5-76
14-->src\main\AndroidManifest.xml:8:22-73
15    <uses-permission android:name="android.permission.BLUETOOTH_SCAN" />
15-->src\main\AndroidManifest.xml:9:5-73
15-->src\main\AndroidManifest.xml:9:22-70
16    <uses-permission android:name="android.permission.ACCESS_FINE_LOCATION" />
16-->src\main\AndroidManifest.xml:10:5-79
16-->src\main\AndroidManifest.xml:10:22-76
17    <uses-permission android:name="android.permission.ACCESS_COARSE_LOCATION" />
17-->src\main\AndroidManifest.xml:11:5-81
17-->src\main\AndroidManifest.xml:11:22-78
18    <uses-permission android:name="android.permission.INTERNET" />
18-->src\main\AndroidManifest.xml:13:5-67
18-->src\main\AndroidManifest.xml:13:22-64
19    <uses-permission android:name="android.permission.SEND_SMS" />
19-->src\main\AndroidManifest.xml:14:5-67
19-->src\main\AndroidManifest.xml:14:22-64
20    <uses-permission android:name="android.permission.CALL_PHONE" />
20-->src\main\AndroidManifest.xml:15:5-69
20-->src\main\AndroidManifest.xml:15:22-66
21
22    <!-- Requirements -->
23    <uses-feature
23-->src\main\AndroidManifest.xml:18:5-89
24        android:name="android.hardware.bluetooth_le"
24-->src\main\AndroidManifest.xml:18:19-63
25        android:required="true" />
25-->src\main\AndroidManifest.xml:18:64-87
26    <uses-feature
26-->src\main\AndroidManifest.xml:19:5-86
27        android:name="android.hardware.usb.host"
27-->src\main\AndroidManifest.xml:19:19-59
28        android:required="false" />
28-->src\main\AndroidManifest.xml:19:60-84
29    <!-- Include required permissions for Google Maps API to run. -->
30    <uses-permission android:name="android.permission.ACCESS_NETWORK_STATE" />
30-->[com.google.android.gms:play-services-maps:18.2.0] AndroidManifest.xml:23:5-79
30-->[com.google.android.gms:play-services-maps:18.2.0] AndroidManifest.xml:23:22-76
31
32    <uses-feature
32-->[com.google.android.gms:play-services-maps:18.2.0] AndroidManifest.xml:26:5-28:35
33        android:glEsVersion="0x00020000"
33-->[com.google.android.gms:play-services-maps:18.2.0] AndroidManifest.xml:27:9-41
34        android:required="true" />
34-->[com.google.android.gms:play-services-maps:18.2.0] AndroidManifest.xml:28:9-32
35
36    <queries>
36-->[com.google.android.gms:play-services-maps:18.2.0] AndroidManifest.xml:30:5-34:15
37
38        <!-- Needs to be explicitly declared on Android R+ -->
39        <package android:name="com.google.android.apps.maps" />
39-->[com.google.android.gms:play-services-maps:18.2.0] AndroidManifest.xml:33:9-64
39-->[com.google.android.gms:play-services-maps:18.2.0] AndroidManifest.xml:33:18-61
40    </queries>
41
42    <permission
42-->[androidx.core:core:1.12.0] AndroidManifest.xml:22:5-24:47
43        android:name="com.cjack.ai.DYNAMIC_RECEIVER_NOT_EXPORTED_PERMISSION"
43-->[androidx.core:core:1.12.0] AndroidManifest.xml:23:9-81
44        android:protectionLevel="signature" />
44-->[androidx.core:core:1.12.0] AndroidManifest.xml:24:9-44
45
46    <uses-permission android:name="com.cjack.ai.DYNAMIC_RECEIVER_NOT_EXPORTED_PERMISSION" />
46-->[androidx.core:core:1.12.0] AndroidManifest.xml:26:5-97
46-->[androidx.core:core:1.12.0] AndroidManifest.xml:26:22-94
47
48    <application
48-->src\main\AndroidManifest.xml:21:5-48:19
49        android:name="com.cjack.ai.CjackApplication"
49-->src\main\AndroidManifest.xml:22:9-41
50        android:allowBackup="true"
50-->src\main\AndroidManifest.xml:23:9-35
51        android:appComponentFactory="androidx.core.app.CoreComponentFactory"
51-->[androidx.core:core:1.12.0] AndroidManifest.xml:28:18-86
52        android:dataExtractionRules="@xml/data_extraction_rules"
52-->src\main\AndroidManifest.xml:24:9-65
53        android:debuggable="true"
54        android:extractNativeLibs="false"
55        android:fullBackupContent="@xml/backup_rules"
55-->src\main\AndroidManifest.xml:25:9-54
56        android:icon="@mipmap/ic_launcher"
56-->src\main\AndroidManifest.xml:26:9-43
57        android:label="@string/app_name"
57-->src\main\AndroidManifest.xml:27:9-41
58        android:roundIcon="@mipmap/ic_launcher_round"
58-->src\main\AndroidManifest.xml:28:9-54
59        android:supportsRtl="true"
59-->src\main\AndroidManifest.xml:29:9-35
60        android:testOnly="true"
61        android:theme="@style/Theme.CJACKAI"
61-->src\main\AndroidManifest.xml:30:9-45
62        android:usesCleartextTraffic="true" >
62-->src\main\AndroidManifest.xml:31:9-44
63
64        <!-- Google Maps API Key -->
65        <meta-data
66            android:name="com.google.android.geo.API_KEY"
66-->src\main\AndroidManifest.xml:36:13-58
67            android:value="YOUR_API_KEY_HERE" />
67-->src\main\AndroidManifest.xml:37:13-44
68
69        <activity
69-->src\main\AndroidManifest.xml:39:9-47:20
70            android:name="com.cjack.ai.MainActivity"
70-->src\main\AndroidManifest.xml:40:13-41
71            android:exported="true"
71-->src\main\AndroidManifest.xml:41:13-36
72            android:theme="@style/Theme.CJACKAI" >
72-->src\main\AndroidManifest.xml:42:13-49
73            <intent-filter>
73-->src\main\AndroidManifest.xml:43:13-46:29
74                <action android:name="android.intent.action.MAIN" />
74-->src\main\AndroidManifest.xml:44:17-69
74-->src\main\AndroidManifest.xml:44:25-66
75
76                <category android:name="android.intent.category.LAUNCHER" />
76-->src\main\AndroidManifest.xml:45:17-77
76-->src\main\AndroidManifest.xml:45:27-74
77            </intent-filter>
78        </activity>
79        <activity
79-->[androidx.compose.ui:ui-tooling-android:1.5.4] AndroidManifest.xml:23:9-25:39
80            android:name="androidx.compose.ui.tooling.PreviewActivity"
80-->[androidx.compose.ui:ui-tooling-android:1.5.4] AndroidManifest.xml:24:13-71
81            android:exported="true" />
81-->[androidx.compose.ui:ui-tooling-android:1.5.4] AndroidManifest.xml:25:13-36
82        <activity
82-->[androidx.compose.ui:ui-test-manifest:1.5.4] AndroidManifest.xml:23:9-25:39
83            android:name="androidx.activity.ComponentActivity"
83-->[androidx.compose.ui:ui-test-manifest:1.5.4] AndroidManifest.xml:24:13-63
84            android:exported="true" /> <!-- Needs to be explicitly declared on P+ -->
84-->[androidx.compose.ui:ui-test-manifest:1.5.4] AndroidManifest.xml:25:13-36
85        <uses-library
85-->[com.google.android.gms:play-services-maps:18.2.0] AndroidManifest.xml:39:9-41:40
86            android:name="org.apache.http.legacy"
86-->[com.google.android.gms:play-services-maps:18.2.0] AndroidManifest.xml:40:13-50
87            android:required="false" />
87-->[com.google.android.gms:play-services-maps:18.2.0] AndroidManifest.xml:41:13-37
88
89        <activity
89-->[com.google.firebase:firebase-auth:22.3.0] AndroidManifest.xml:29:9-46:20
90            android:name="com.google.firebase.auth.internal.GenericIdpActivity"
90-->[com.google.firebase:firebase-auth:22.3.0] AndroidManifest.xml:30:13-80
91            android:excludeFromRecents="true"
91-->[com.google.firebase:firebase-auth:22.3.0] AndroidManifest.xml:31:13-46
92            android:exported="true"
92-->[com.google.firebase:firebase-auth:22.3.0] AndroidManifest.xml:32:13-36
93            android:launchMode="singleTask"
93-->[com.google.firebase:firebase-auth:22.3.0] AndroidManifest.xml:33:13-44
94            android:theme="@android:style/Theme.Translucent.NoTitleBar" >
94-->[com.google.firebase:firebase-auth:22.3.0] AndroidManifest.xml:34:13-72
95            <intent-filter>
95-->[com.google.firebase:firebase-auth:22.3.0] AndroidManifest.xml:35:13-45:29
96                <action android:name="android.intent.action.VIEW" />
96-->[com.google.firebase:firebase-auth:22.3.0] AndroidManifest.xml:36:17-69
96-->[com.google.firebase:firebase-auth:22.3.0] AndroidManifest.xml:36:25-66
97
98                <category android:name="android.intent.category.DEFAULT" />
98-->[com.google.firebase:firebase-auth:22.3.0] AndroidManifest.xml:38:17-76
98-->[com.google.firebase:firebase-auth:22.3.0] AndroidManifest.xml:38:27-73
99                <category android:name="android.intent.category.BROWSABLE" />
99-->[com.google.firebase:firebase-auth:22.3.0] AndroidManifest.xml:39:17-78
99-->[com.google.firebase:firebase-auth:22.3.0] AndroidManifest.xml:39:27-75
100
101                <data
101-->[com.google.firebase:firebase-auth:22.3.0] AndroidManifest.xml:41:17-44:51
102                    android:host="firebase.auth"
102-->[com.google.firebase:firebase-auth:22.3.0] AndroidManifest.xml:42:21-49
103                    android:path="/"
103-->[com.google.firebase:firebase-auth:22.3.0] AndroidManifest.xml:43:21-37
104                    android:scheme="genericidp" />
104-->[com.google.firebase:firebase-auth:22.3.0] AndroidManifest.xml:44:21-48
105            </intent-filter>
106        </activity>
107        <activity
107-->[com.google.firebase:firebase-auth:22.3.0] AndroidManifest.xml:47:9-64:20
108            android:name="com.google.firebase.auth.internal.RecaptchaActivity"
108-->[com.google.firebase:firebase-auth:22.3.0] AndroidManifest.xml:48:13-79
109            android:excludeFromRecents="true"
109-->[com.google.firebase:firebase-auth:22.3.0] AndroidManifest.xml:49:13-46
110            android:exported="true"
110-->[com.google.firebase:firebase-auth:22.3.0] AndroidManifest.xml:50:13-36
111            android:launchMode="singleTask"
111-->[com.google.firebase:firebase-auth:22.3.0] AndroidManifest.xml:51:13-44
112            android:theme="@android:style/Theme.Translucent.NoTitleBar" >
112-->[com.google.firebase:firebase-auth:22.3.0] AndroidManifest.xml:52:13-72
113            <intent-filter>
113-->[com.google.firebase:firebase-auth:22.3.0] AndroidManifest.xml:53:13-63:29
114                <action android:name="android.intent.action.VIEW" />
114-->[com.google.firebase:firebase-auth:22.3.0] AndroidManifest.xml:36:17-69
114-->[com.google.firebase:firebase-auth:22.3.0] AndroidManifest.xml:36:25-66
115
116                <category android:name="android.intent.category.DEFAULT" />
116-->[com.google.firebase:firebase-auth:22.3.0] AndroidManifest.xml:38:17-76
116-->[com.google.firebase:firebase-auth:22.3.0] AndroidManifest.xml:38:27-73
117                <category android:name="android.intent.category.BROWSABLE" />
117-->[com.google.firebase:firebase-auth:22.3.0] AndroidManifest.xml:39:17-78
117-->[com.google.firebase:firebase-auth:22.3.0] AndroidManifest.xml:39:27-75
118
119                <data
119-->[com.google.firebase:firebase-auth:22.3.0] AndroidManifest.xml:41:17-44:51
120                    android:host="firebase.auth"
120-->[com.google.firebase:firebase-auth:22.3.0] AndroidManifest.xml:42:21-49
121                    android:path="/"
121-->[com.google.firebase:firebase-auth:22.3.0] AndroidManifest.xml:43:21-37
122                    android:scheme="recaptcha" />
122-->[com.google.firebase:firebase-auth:22.3.0] AndroidManifest.xml:44:21-48
123            </intent-filter>
124        </activity>
125
126        <service
126-->[com.google.firebase:firebase-auth:22.3.0] AndroidManifest.xml:66:9-72:19
127            android:name="com.google.firebase.components.ComponentDiscoveryService"
127-->[com.google.firebase:firebase-auth:22.3.0] AndroidManifest.xml:67:13-84
128            android:directBootAware="true"
128-->[com.google.firebase:firebase-common:20.4.2] AndroidManifest.xml:32:13-43
129            android:exported="false" >
129-->[com.google.firebase:firebase-auth:22.3.0] AndroidManifest.xml:68:13-37
130            <meta-data
130-->[com.google.firebase:firebase-auth:22.3.0] AndroidManifest.xml:69:13-71:85
131                android:name="com.google.firebase.components:com.google.firebase.auth.FirebaseAuthRegistrar"
131-->[com.google.firebase:firebase-auth:22.3.0] AndroidManifest.xml:70:17-109
132                android:value="com.google.firebase.components.ComponentRegistrar" />
132-->[com.google.firebase:firebase-auth:22.3.0] AndroidManifest.xml:71:17-82
133            <meta-data
133-->[com.google.firebase:firebase-database:20.3.0] AndroidManifest.xml:29:13-31:85
134                android:name="com.google.firebase.components:com.google.firebase.database.FirebaseDatabaseKtxRegistrar"
134-->[com.google.firebase:firebase-database:20.3.0] AndroidManifest.xml:30:17-120
135                android:value="com.google.firebase.components.ComponentRegistrar" />
135-->[com.google.firebase:firebase-database:20.3.0] AndroidManifest.xml:31:17-82
136            <meta-data
136-->[com.google.firebase:firebase-database:20.3.0] AndroidManifest.xml:32:13-34:85
137                android:name="com.google.firebase.components:com.google.firebase.database.DatabaseRegistrar"
137-->[com.google.firebase:firebase-database:20.3.0] AndroidManifest.xml:33:17-109
138                android:value="com.google.firebase.components.ComponentRegistrar" />
138-->[com.google.firebase:firebase-database:20.3.0] AndroidManifest.xml:34:17-82
139            <meta-data
139-->[com.google.firebase:firebase-common-ktx:20.4.2] AndroidManifest.xml:12:13-14:85
140                android:name="com.google.firebase.components:com.google.firebase.ktx.FirebaseCommonLegacyRegistrar"
140-->[com.google.firebase:firebase-common-ktx:20.4.2] AndroidManifest.xml:13:17-116
141                android:value="com.google.firebase.components.ComponentRegistrar" />
141-->[com.google.firebase:firebase-common-ktx:20.4.2] AndroidManifest.xml:14:17-82
142            <meta-data
142-->[com.google.firebase:firebase-common:20.4.2] AndroidManifest.xml:35:13-37:85
143                android:name="com.google.firebase.components:com.google.firebase.FirebaseCommonKtxRegistrar"
143-->[com.google.firebase:firebase-common:20.4.2] AndroidManifest.xml:36:17-109
144                android:value="com.google.firebase.components.ComponentRegistrar" />
144-->[com.google.firebase:firebase-common:20.4.2] AndroidManifest.xml:37:17-82
145        </service>
146
147        <provider
147-->[androidx.emoji2:emoji2:1.4.0] AndroidManifest.xml:24:9-32:20
148            android:name="androidx.startup.InitializationProvider"
148-->[androidx.emoji2:emoji2:1.4.0] AndroidManifest.xml:25:13-67
149            android:authorities="com.cjack.ai.androidx-startup"
149-->[androidx.emoji2:emoji2:1.4.0] AndroidManifest.xml:26:13-68
150            android:exported="false" >
150-->[androidx.emoji2:emoji2:1.4.0] AndroidManifest.xml:27:13-37
151            <meta-data
151-->[androidx.emoji2:emoji2:1.4.0] AndroidManifest.xml:29:13-31:52
152                android:name="androidx.emoji2.text.EmojiCompatInitializer"
152-->[androidx.emoji2:emoji2:1.4.0] AndroidManifest.xml:30:17-75
153                android:value="androidx.startup" />
153-->[androidx.emoji2:emoji2:1.4.0] AndroidManifest.xml:31:17-49
154            <meta-data
154-->[androidx.lifecycle:lifecycle-process:2.7.0] AndroidManifest.xml:29:13-31:52
155                android:name="androidx.lifecycle.ProcessLifecycleInitializer"
155-->[androidx.lifecycle:lifecycle-process:2.7.0] AndroidManifest.xml:30:17-78
156                android:value="androidx.startup" />
156-->[androidx.lifecycle:lifecycle-process:2.7.0] AndroidManifest.xml:31:17-49
157            <meta-data
157-->[androidx.profileinstaller:profileinstaller:1.3.0] AndroidManifest.xml:29:13-31:52
158                android:name="androidx.profileinstaller.ProfileInstallerInitializer"
158-->[androidx.profileinstaller:profileinstaller:1.3.0] AndroidManifest.xml:30:17-85
159                android:value="androidx.startup" />
159-->[androidx.profileinstaller:profileinstaller:1.3.0] AndroidManifest.xml:31:17-49
160        </provider>
161
162        <service
162-->[androidx.room:room-runtime:2.6.1] AndroidManifest.xml:24:9-28:63
163            android:name="androidx.room.MultiInstanceInvalidationService"
163-->[androidx.room:room-runtime:2.6.1] AndroidManifest.xml:25:13-74
164            android:directBootAware="true"
164-->[androidx.room:room-runtime:2.6.1] AndroidManifest.xml:26:13-43
165            android:exported="false" />
165-->[androidx.room:room-runtime:2.6.1] AndroidManifest.xml:27:13-37
166
167        <provider
167-->[com.google.firebase:firebase-common:20.4.2] AndroidManifest.xml:23:9-28:39
168            android:name="com.google.firebase.provider.FirebaseInitProvider"
168-->[com.google.firebase:firebase-common:20.4.2] AndroidManifest.xml:24:13-77
169            android:authorities="com.cjack.ai.firebaseinitprovider"
169-->[com.google.firebase:firebase-common:20.4.2] AndroidManifest.xml:25:13-72
170            android:directBootAware="true"
170-->[com.google.firebase:firebase-common:20.4.2] AndroidManifest.xml:26:13-43
171            android:exported="false"
171-->[com.google.firebase:firebase-common:20.4.2] AndroidManifest.xml:27:13-37
172            android:initOrder="100" />
172-->[com.google.firebase:firebase-common:20.4.2] AndroidManifest.xml:28:13-36
173
174        <activity
174-->[com.google.android.gms:play-services-base:18.1.0] AndroidManifest.xml:20:9-22:45
175            android:name="com.google.android.gms.common.api.GoogleApiActivity"
175-->[com.google.android.gms:play-services-base:18.1.0] AndroidManifest.xml:20:19-85
176            android:exported="false"
176-->[com.google.android.gms:play-services-base:18.1.0] AndroidManifest.xml:22:19-43
177            android:theme="@android:style/Theme.Translucent.NoTitleBar" />
177-->[com.google.android.gms:play-services-base:18.1.0] AndroidManifest.xml:21:19-78
178
179        <meta-data
179-->[com.google.android.gms:play-services-basement:18.1.0] AndroidManifest.xml:21:9-23:69
180            android:name="com.google.android.gms.version"
180-->[com.google.android.gms:play-services-basement:18.1.0] AndroidManifest.xml:22:13-58
181            android:value="@integer/google_play_services_version" />
181-->[com.google.android.gms:play-services-basement:18.1.0] AndroidManifest.xml:23:13-66
182
183        <receiver
183-->[androidx.profileinstaller:profileinstaller:1.3.0] AndroidManifest.xml:34:9-52:20
184            android:name="androidx.profileinstaller.ProfileInstallReceiver"
184-->[androidx.profileinstaller:profileinstaller:1.3.0] AndroidManifest.xml:35:13-76
185            android:directBootAware="false"
185-->[androidx.profileinstaller:profileinstaller:1.3.0] AndroidManifest.xml:36:13-44
186            android:enabled="true"
186-->[androidx.profileinstaller:profileinstaller:1.3.0] AndroidManifest.xml:37:13-35
187            android:exported="true"
187-->[androidx.profileinstaller:profileinstaller:1.3.0] AndroidManifest.xml:38:13-36
188            android:permission="android.permission.DUMP" >
188-->[androidx.profileinstaller:profileinstaller:1.3.0] AndroidManifest.xml:39:13-57
189            <intent-filter>
189-->[androidx.profileinstaller:profileinstaller:1.3.0] AndroidManifest.xml:40:13-42:29
190                <action android:name="androidx.profileinstaller.action.INSTALL_PROFILE" />
190-->[androidx.profileinstaller:profileinstaller:1.3.0] AndroidManifest.xml:41:17-91
190-->[androidx.profileinstaller:profileinstaller:1.3.0] AndroidManifest.xml:41:25-88
191            </intent-filter>
192            <intent-filter>
192-->[androidx.profileinstaller:profileinstaller:1.3.0] AndroidManifest.xml:43:13-45:29
193                <action android:name="androidx.profileinstaller.action.SKIP_FILE" />
193-->[androidx.profileinstaller:profileinstaller:1.3.0] AndroidManifest.xml:44:17-85
193-->[androidx.profileinstaller:profileinstaller:1.3.0] AndroidManifest.xml:44:25-82
194            </intent-filter>
195            <intent-filter>
195-->[androidx.profileinstaller:profileinstaller:1.3.0] AndroidManifest.xml:46:13-48:29
196                <action android:name="androidx.profileinstaller.action.SAVE_PROFILE" />
196-->[androidx.profileinstaller:profileinstaller:1.3.0] AndroidManifest.xml:47:17-88
196-->[androidx.profileinstaller:profileinstaller:1.3.0] AndroidManifest.xml:47:25-85
197            </intent-filter>
198            <intent-filter>
198-->[androidx.profileinstaller:profileinstaller:1.3.0] AndroidManifest.xml:49:13-51:29
199                <action android:name="androidx.profileinstaller.action.BENCHMARK_OPERATION" />
199-->[androidx.profileinstaller:profileinstaller:1.3.0] AndroidManifest.xml:50:17-95
199-->[androidx.profileinstaller:profileinstaller:1.3.0] AndroidManifest.xml:50:25-92
200            </intent-filter>
201        </receiver>
202    </application>
203
204</manifest>